
[93mACE v2.5 [0m

  [94minstance[0m
    name:m1_classique
    args:m1_classique.xml

 [33m...Loading[0m variables

 [33m...Loading[0m constraints

  [94mdomains[0m
    types:2  values:126  sizes:[6:21]
  [94mvariables[0m
    count:21  auxiliary:10  arrays:[x:6,aux_gb:5,_ax_:10]  degrees:[2:10,3:7,5:4]
  [94mconstraints[0m
    count:18  specific:13  groups:1  arities:[3:15,5:2,6:1]
    distribution:[AllDifferentComplete:1,Dist3EQ:5,Intension:5,MaximumCstGE:1,MaximumCstLE:1,Minimum:5]
    intStructures:(1,shared:4)
    wck:0.11  cpu:0.383  mem:16M352
  [94mobjective[0m
    way:min  type:MaximumCstLE  arity:5  bounds:0..5

 [33m...Building[0m solver

  [94msolver[0m
    guaranteedAC:true
    wck:0.12  cpu:0.393  mem:21M275

  [94mpreprocessing[0m
    revisions:(15,useless=15)  values:126  unsat:false
    wck:0,001  cpu:0.395  mem:21M275

  [94msearch[0m
[92mo 3[0m   0.12  ham=0 (0 0 0 0)  opth=0
[92mo 2[0m   0.13  ham=18 (3 5 0 10)  opth=5
[92mo 1[0m   0.13  ham=19 (5 4 0 10)  opth=4
    run1  dpts:0..5  effs:196  fails:2  wrgs:4  wck:0.00  sols:3  bound:1

  [94mglobal[0m
    effs:196  revisions:(163,useless=99)
    stop:FULL_EXPLORATION  wrgs:4  bound:1  boundWck:0,129  sols:3  sol1Cpu:0,397
    wck:0.13  cpu:0.405  mem:21M988


  Solution 3 in JSON format:
   {
    x: [1, 4, 5, 2, 3, 6],
    aux_gb: [1, 1, 1, 1, 1]
   }

[92ms OPTIMUM FOUND[0m
[92m
v[0m  <instantiation id='sol3' type='solution' cost='1'> <list> x[] aux_gb[] </list> <values> 1 4 5 2 3 6   1x5 </values> </instantiation>
[92m
d WRONG DECISIONS[0m  4
[92md FOUND SOLUTIONS[0m  3
[92md BOUND[0m  1
[92md WCK FIRST[0m 0.12 (3)
[92md WCK LAST[0m  0.13 (1)
[92md COMPLETE EXPLORATION[0m

c real time : 0.408
