
[93mACE v2.5 [0m

  [94minstance[0m
    name:m1_classique
    args:m1_classique.xml

 [33m...Loading[0m variables

 [33m...Loading[0m constraints

  [94mdomains[0m
    types:2  values:30  sizes:[5:6]
  [94mvariables[0m
    count:6  auxiliary:1  arrays:[x:5,_ax_:1]  degrees:[1:3,2:2,3:1]
  [94mconstraints[0m
    count:4  converted:1  specific:4  arities:[1:2,3:1,5:1]
    distribution:[AllDifferentComplete:1,CT-Table:1,ObjVarGE_1:1,ObjVarLE_1:1]
    tables:[25:1]  tuples:25
    extStructures:(1,shared:0)
    wck:0.12  cpu:0.399  mem:15M648
  [94mobjective[0m
    way:min  type:ObjVarLE  arity:1  bounds:0..4

 [33m...Building[0m solver

  [94msolver[0m
    guaranteedAC:true
    wck:0.14  cpu:0.416  mem:20M555

  [94mpreprocessing[0m
    effs:1  values:28  removedByAC:2  unsat:false
    cpu:0.416  mem:20M555

  [94msearch[0m
[92mo 1[0m   0.14  ham=0 (0 0 0)  opth=0
    run1  dpts:0..4  effs:45  fails:9  wrgs:13  wck:0.00  sols:1  bound:1

  [94mglobal[0m
    effs:45
    stop:FULL_EXPLORATION  wrgs:13  bound:1  boundWck:0,138  sols:1  sol1Cpu:0,417
    wck:0.14  cpu:0.422  mem:21M268


  Solution 1 in JSON format:
   {
    x: [1, 2, 3, 4, 5]
   }

[92ms OPTIMUM FOUND[0m
[92m
v[0m  <instantiation id='sol1' type='solution' cost='1'> <list> x[] </list> <values> 1 2 3 4 5 </values> </instantiation>
[92m
d WRONG DECISIONS[0m  13
[92md FOUND SOLUTIONS[0m  1
[92md BOUND[0m  1
[92md WCK FIRST[0m 0.14 (1)
[92md WCK LAST[0m  0.14 (1)
[92md COMPLETE EXPLORATION[0m

c real time : 0.425
