
[93mACE v2.5 [0m

  [94minstance[0m
    name:m1_classique
    args:m1_classique.xml

 [33m...Loading[0m variables

 [33m...Loading[0m constraints

  [94mdomains[0m
    types:2  values:64  sizes:[4:16]
  [94mvariables[0m
    count:16  auxiliary:8  arrays:[x:4,aux_gb:4,_ax_:8]  degrees:[2:8,3:5,5:2,7:1]
  [94mconstraints[0m
    count:15  specific:11  groups:1  arities:[3:12,4:3]
    distribution:[CT-Table:1,Dist3EQ:4,Intension:4,MaximumCstGE:1,MaximumCstLE:1,Minimum:4]
    tables:[24:1]  tuples:24
    extStructures:(1,shared:0)  intStructures:(1,shared:3)
    wck:0.15  cpu:0.451  mem:16M461
  [94mobjective[0m
    way:min  type:MaximumCstLE  arity:4  bounds:0..3

 [33m...Building[0m solver

  [94msolver[0m
    guaranteedAC:true
    wck:0.16  cpu:0.46  mem:21M370

  [94mpreprocessing[0m
    revisions:(12,useless=12)  values:64  unsat:false
    cpu:0.461  mem:21M370

  [94msearch[0m
[92mo 2[0m   0.16  ham=0 (0 0 0 0)  opth=0
    run1  dpts:0..3  effs:158  fails:3  wrgs:8  wck:0.00  sols:1  bound:2

  [94mglobal[0m
    effs:158  revisions:(154,useless=102)
    stop:FULL_EXPLORATION  wrgs:8  bound:2  boundWck:0,162  sols:1  sol1Cpu:0,462
    wck:0.17  cpu:0.468  mem:22M85


  Solution 1 in JSON format:
   {
    x: [1, 2, 3, 4],
    aux_gb: [1, 1, 2, 1]
   }

[92ms OPTIMUM FOUND[0m
[92m
v[0m  <instantiation id='sol1' type='solution' cost='2'> <list> x[] aux_gb[] </list> <values> 1 2 3 4   1 1 2 1 </values> </instantiation>
[92m
d WRONG DECISIONS[0m  8
[92md FOUND SOLUTIONS[0m  1
[92md BOUND[0m  2
[92md WCK FIRST[0m 0.16 (2)
[92md WCK LAST[0m  0.16 (2)
[92md COMPLETE EXPLORATION[0m

c real time : 0.471
