
[93mACE v2.5 [0m

  [94minstance[0m
    name:m1_classique
    args:m1_classique.xml

 [33m...Loading[0m variables

 [33m...Loading[0m constraints

  [94mdomains[0m
    types:2  values:6 903  sizes:[39:177]
  [94mvariables[0m
    count:177  auxiliary:92  arrays:[x:39,aux_gb:46,_ax_:92]  degrees:[2:55,3:104,4:14,5:3,6:1]
  [94mconstraints[0m
    count:141  specific:141  groups:1  arities:[2:46,3:92,39:1,46:2]
    distribution:[Add2EQ:46,AllDifferentComplete:1,Dist3EQ:46,MaximumCstGE:1,MaximumCstLE:1,Minimum:46]
    wck:0.14  cpu:0.402  mem:23M347
  [94mobjective[0m
    way:min  type:MaximumCstLE  arity:46  bounds:0..38

 [33m...Building[0m solver

  [94msolver[0m
    guaranteedAC:true
    wck:0.15  cpu:0.414  mem:28M984

  [94mpreprocessing[0m
    values:6 903  unsat:false
    wck:0,002  cpu:0.416  mem:28M984

  [94msearch[0m
[92mo 19[0m   0.17  ham=0 (0 0 0 0)  opth=0
[92mo 18[0m   0.17  ham=48 (6 14 0 28)  opth=14
[92mo 17[0m   0.18  ham=99 (13 28 0 58)  opth=28
[92mo 16[0m   0.18  ham=93 (14 25 0 54)  opth=25
[92mo 15[0m   0.18  ham=94 (14 26 0 54)  opth=26
[92mo 14[0m   0.18  ham=126 (18 36 0 72)  opth=36
[92mo 13[0m   0.18  ham=85 (16 23 0 46)  opth=23
[92mo 12[0m   0.19  ham=106 (23 27 0 56)  opth=27
[92mo 11[0m   0.19  ham=93 (20 23 0 50)  opth=23
[92mo 10[0m   0.19  ham=114 (24 30 0 60)  opth=30
[92mo 9[0m   0.19  ham=143 (27 38 0 78)  opth=38
    run1  dpts:9..39  effs:11 517  fails:6  wrgs:161  wck:0.00  ngds:2  sols:11  bound:9
    run2  dpts:43..46  effs:12 883  fails:106  wrgs:264  wck:0.05  ngds:31  sols:11  bound:9
    run3  dpts:5..47  effs:14 146  fails:216  wrgs:379  wck:0.06  ngds:37  sols:11  bound:9
    run4  dpts:23..35  effs:17 099  fails:337  wrgs:517  wck:0.07  ngds:40  sols:11  bound:9
    run5  dpts:17..29  effs:18 500  fails:470  wrgs:661  wck:0.09  ngds:59  sols:11  bound:9
[92mo 8[0m   0.26  ham=146 (31 35 0 80)  opth=35
[92mo 7[0m   0.26  ham=104 (21 27 0 56)  opth=27
[92mo 6[0m   0.26  ham=146 (30 38 0 78)  opth=38
    run6  dpts:2..29  effs:24 539  fails:616  wrgs:878  wck:0.10  ngds:65  sols:14  bound:6
    run7  dpts:5..16  effs:32 700  fails:716  wrgs:999  wck:0.12  ngds:78  sols:14  bound:6
    run8  dpts:7..14  effs:37 759  fails:826  wrgs:1 120  wck:0.15  ngds:94  sols:14  bound:6
    run9  dpts:5..12  effs:49 926  fails:947  wrgs:1 255  wck:0.17  ngds:97  sols:14  bound:6
    run10  dpts:14..25  effs:56 581  fails:1 080  wrgs:1 442  wck:0.23  ngds:111  sols:14  bound:6
    run11  dpts:0..12  effs:67 295  fails:1 226  wrgs:1 611  wck:0.24  ngds:129  sols:14  bound:6
[92mo 5[0m   0.44  ham=152 (34 38 0 80)  opth=38
    run12  dpts:2..22  effs:76 479  fails:1 387  wrgs:1 810  wck:0.28  ngds:161  sols:15  bound:5
    run13  dpts:6..10  effs:81 729  fails:1 487  wrgs:1 918  wck:0.31  ngds:183  sols:15  bound:5
    run14  dpts:3..9  effs:92 128  fails:1 597  wrgs:2 038  wck:0.32  ngds:202  sols:15  bound:5
    run15  dpts:4..10  effs:105 104  fails:1 718  wrgs:2 184  wck:0.35  ngds:236  sols:15  bound:5
    run16  dpts:3..11  effs:115 930  fails:1 851  wrgs:2 335  wck:0.38  ngds:265  sols:15  bound:5
    run17  dpts:1..15  effs:128 610  fails:1 997  wrgs:2 512  wck:0.41  ngds:274  sols:15  bound:5
    run18  dpts:1..8  effs:140 927  fails:2 158  wrgs:2 696  wck:0.43  ngds:285  sols:15  bound:5
    run19  dpts:1..8  effs:148 012  fails:2 335  wrgs:2 903  wck:0.46  ngds:298  sols:15  bound:5
[92mo 4[0m   0.62  ham=146 (32 38 0 76)  opth=38
    run20  dpts:0..16  effs:163 832  fails:2 529  wrgs:3 143  wck:0.47  ngds:319  sols:16  bound:4
    run21  dpts:1..7  effs:175 116  fails:2 629  wrgs:3 278  wck:0.51  ngds:331  sols:16  bound:4
    run22  dpts:2..6  effs:182 665  fails:2 739  wrgs:3 398  wck:0.53  ngds:343  sols:16  bound:4
    run23  dpts:0..6  effs:192 059  fails:2 860  wrgs:3 541  wck:0.54  ngds:389  sols:16  bound:4
    run24  dpts:1..6  effs:206 366  fails:2 993  wrgs:3 718  wck:0.56  ngds:401  sols:16  bound:4
    run25  dpts:1..7  effs:224 914  fails:3 139  wrgs:3 904  wck:0.58  ngds:408  sols:16  bound:4
    run26  dpts:0..5  effs:240 448  fails:3 300  wrgs:4 092  wck:0.61  ngds:420  sols:16  bound:4
    run27  dpts:1..7  effs:255 963  fails:3 477  wrgs:4 303  wck:0.64  ngds:461  sols:16  bound:4
    run28  dpts:1..8  effs:278 241  fails:3 671  wrgs:4 546  wck:0.67  ngds:489  sols:16  bound:4
    run29  dpts:1..6  effs:299 658  fails:3 885  wrgs:4 822  wck:0.71  ngds:531  sols:16  bound:4
    run30  dpts:1..7  effs:325 584  fails:4 120  wrgs:5 137  wck:0.75  ngds:573  sols:16  bound:4
    run31  dpts:0..7  effs:356 031  fails:4 379  wrgs:5 466  wck:0.79  ngds:582  sols:16  bound:4
    run32  dpts:1..7  effs:384 876  fails:4 664  wrgs:5 843  wck:0.85  ngds:591  sols:16  bound:4
    run33  dpts:1..7  effs:408 931  fails:4 977  wrgs:6 206  wck:0.90  ngds:602  sols:16  bound:4
    run34  dpts:0..7  effs:440 508  fails:5 322  wrgs:6 639  wck:0.95  ngds:606  sols:16  bound:4
    run35  dpts:0..7  effs:480 939  fails:5 701  wrgs:7 100  wck:1.01  ngds:613  sols:16  bound:4
    run36  dpts:0..6  effs:512 202  fails:6 118  wrgs:7 588  wck:1.08  ngds:626  sols:16  bound:4
    run37  dpts:1..7  effs:533 637  fails:6 577  wrgs:8 121  wck:1.14  ngds:635  sols:16  bound:4
    run38  dpts:0..8  effs:574 534  fails:7 082  wrgs:8 766  wck:1.19  ngds:637  sols:16  bound:4
    run39  dpts:0..8  effs:634 773  fails:7 637  wrgs:9 477  wck:1.28  ngds:679  sols:16  bound:4
    run40  dpts:0..7  effs:678 946  fails:8 248  wrgs:10 191  wck:1.39  ngds:719  sols:16  bound:4
    run41  dpts:0..7  effs:756 716  fails:8 902  wrgs:11 029  wck:1.49  ngds:719  sols:16  bounds:4..3

  [94mglobal[0m
    effs:756 716  ngds:719
    stop:FULL_EXPLORATION  wrgs:11 029  bound:4  boundWck:0,624  sols:16  sol1Cpu:0,433
    wck:1.78  cpu:2.038  mem:26M343


  Solution 16 in JSON format:
   {
    x: [10, 33, 38, 24, 13, 14, 6, 32, 29, 16, 20, 18, 12, 31, 30, 1, 15, 8, 7, 4, 23, 28, 36, 37, 25, 3, 2, 5, 19, 9, 34, 11, 27, 26, 22, 35, 39, 21, 17],
    aux_gb: [1, 4, 4, 3, 4, 4, 3, 4, 1, 2, 3, 3, 4, 1, 2, 1, 4, 2, 4, 4, 4, 2, 4, 2, 1, 4, 3, 2, 4, 2, 4, 4, 1, 3, 4, 2, 4, 4, 4, 4, 4, 4, 1, 3, 4, 4]
   }

[92ms OPTIMUM FOUND[0m
[92m
v[0m  <instantiation id='sol16' type='solution' cost='4'> <list> x[] aux_gb[] </list> <values> 10 33 38 24 13 14 6 32 29 16 20 18 12 31 30 1 15 8 7 4 23 28 36 37 25 3 2 5 19 9 34 11 27 26 22 35 39 21 17   1 4 4 3 4 4 3 4 1 2 3 3 4 1 2 1 4 2 4x3 2 4 2 1 4 3 2 4 2 4 4 1 3 4 2 4x6 1 3 4 4 </values> </instantiation>
[92m
d WRONG DECISIONS[0m  11 029
[92md FOUND SOLUTIONS[0m  16
[92md BOUND[0m  4
[92md WCK FIRST[0m 0.17 (19)
[92md WCK LAST[0m  0.62 (4)
[92md COMPLETE EXPLORATION[0m

c real time : 2.042
