
[93mACE v2.5 [0m

  [94minstance[0m
    name:m1_classique
    args:m1_classique.xml

 [33m...Loading[0m variables

 [33m...Loading[0m constraints

  [94mdomains[0m
    types:2  values:1 560  sizes:[39:40]
  [94mvariables[0m
    count:40  auxiliary:1  arrays:[x:39,_ax_:1]  degrees:[1:37,2:2,3:1]
  [94mconstraints[0m
    count:4  converted:1  specific:4  arities:[1:2,3:1,39:1]
    distribution:[AllDifferentComplete:1,CT-Table:1,ObjVarGE_1:1,ObjVarLE_1:1]
    tables:[1521:1]  tuples:1 521
    extStructures:(1,shared:0)
    wck:0.12  cpu:0.47  mem:16M320
  [94mobjective[0m
    way:min  type:ObjVarLE  arity:1  bounds:0..38

 [33m...Building[0m solver

  [94msolver[0m
    guaranteedAC:true
    wck:0.13  cpu:0.481  mem:21M228

  [94mpreprocessing[0m
    effs:1  values:1 541  removedByAC:19  unsat:false
    cpu:0.482  mem:21M228

  [94msearch[0m
[92mo 15[0m   0.14  ham=0 (0 0 0)  opth=0
[92mo 14[0m   0.14  ham=3 (2 0 1)  opth=1
[92mo 13[0m   0.14  ham=3 (2 0 1)  opth=1
[92mo 12[0m   0.14  ham=3 (2 0 1)  opth=1
[92mo 11[0m   0.14  ham=3 (2 0 1)  opth=1
[92mo 10[0m   0.14  ham=3 (2 0 1)  opth=1
[92mo 9[0m   0.14  ham=3 (2 0 1)  opth=1
[92mo 8[0m   0.14  ham=3 (2 0 1)  opth=1
[92mo 7[0m   0.14  ham=3 (2 0 1)  opth=1
[92mo 6[0m   0.14  ham=3 (2 0 1)  opth=1
[92mo 5[0m   0.14  ham=3 (2 0 1)  opth=1
    run1  dpts:21..38  effs:192  wrgs:1  wck:0.00  ngds:1  sols:11  bound:5
    run2  dpts:14..18  effs:518  fails:100  wrgs:105  wck:0.01  ngds:12  sols:11  bound:5
[92mo 4[0m   0.15  ham=15 (14 0 1)  opth=1
[92mo 3[0m   0.15  ham=15 (14 0 1)  opth=1
[92mo 2[0m   0.15  ham=15 (14 0 1)  opth=1
[92mo 1[0m   0.16  ham=15 (14 0 1)  opth=1
    run3  dpts:0..38  effs:1 013  fails:210  wrgs:218  wck:0.02  ngds:14  sols:15  bound:1
    run4  dpts:0..1  effs:1 232  fails:281  wrgs:291  wck:0.03  ngds:14  sols:15  bounds:1..0

  [94mglobal[0m
    effs:1 232  ngds:14
    stop:FULL_EXPLORATION  wrgs:291  bound:1  boundWck:0,156  sols:15  sol1Cpu:0,487
    wck:0.17  cpu:0.516  mem:22M569


  Solution 15 in JSON format:
   {
    x: [5, 6, 7, 8, 9, 10, 11, 12, 15, 14, 13, 22, 4, 3, 2, 1, 17, 18, 19, 20, 21, 23, 24, 25, 26, 27, 28, 29, 30, 31, 32, 16, 33, 34, 35, 36, 37, 38, 39]
   }

[92ms OPTIMUM FOUND[0m
[92m
v[0m  <instantiation id='sol15' type='solution' cost='1'> <list> x[] </list> <values> 5 6 7 8 9 10 11 12 15 14 13 22 4 3 2 1 17 18 19 20 21 23 24 25 26 27 28 29 30 31 32 16 33 34 35 36 37 38 39 </values> </instantiation>
[92m
d WRONG DECISIONS[0m  291
[92md FOUND SOLUTIONS[0m  15
[92md BOUND[0m  1
[92md WCK FIRST[0m 0.14 (15)
[92md WCK LAST[0m  0.16 (1)
[92md COMPLETE EXPLORATION[0m

c real time : 0.52
